SF:lib/src/linker/update_inker.dart
DA:15,3
DA:20,1
DA:23,1
DA:24,1
DA:25,1
DA:26,1
DA:27,1
DA:29,2
DA:30,3
DA:31,2
DA:32,3
DA:33,3
DA:34,3
DA:37,1
DA:40,1
DA:52,1
DA:57,4
DA:59,1
DA:64,1
DA:75,1
DA:80,4
DA:82,1
DA:87,1
LF:23
LH:23
end_of_record
SF:lib/src/shared/entities/update_platform.dart
DA:18,5
DA:37,2
DA:38,1
LF:3
LH:3
end_of_record
SF:lib/src/shared/entities/update_source_name.dart
DA:14,7
LF:1
LH:1
end_of_record
SF:lib/src/shared/entities/update_version_constraint.dart
DA:9,6
DA:11,2
DA:13,2
DA:14,6
LF:4
LH:4
end_of_record
SF:lib/src/shared/models/global_platform/global_platform_config.dart
DA:15,2
DA:23,0
LF:2
LH:1
end_of_record
SF:lib/src/shared/models/global_source/global_source_config.dart
DA:16,2
DA:25,0
LF:2
LH:1
end_of_record
SF:lib/src/shared/models/release/release_config.dart
DA:20,2
DA:30,2
DA:40,2
DA:41,2
DA:42,4
DA:43,4
DA:44,2
DA:45,2
DA:46,2
DA:47,2
DA:48,2
DA:49,2
DA:50,2
LF:13
LH:13
end_of_record
SF:lib/src/shared/models/release_platrform/release_platrform_config.dart
DA:17,2
DA:26,0
DA:35,0
DA:43,0
DA:44,0
DA:45,0
DA:46,0
DA:47,0
DA:48,0
DA:49,0
LF:10
LH:1
end_of_record
SF:lib/src/shared/models/release_source/release_source_config.dart
DA:18,2
DA:28,0
LF:2
LH:1
end_of_record
SF:lib/src/shared/models/update_app_settings/update_app_settings_config.dart
DA:8,3
DA:13,2
DA:18,0
DA:20,0
DA:21,0
DA:22,0
LF:6
LH:2
end_of_record
SF:lib/src/shared/models/update_content/update_content_config.dart
DA:14,7
DA:26,4
DA:38,0
DA:40,0
DA:41,0
DA:42,0
DA:43,0
DA:44,0
DA:45,0
DA:46,0
DA:47,0
DA:48,0
DA:49,0
LF:13
LH:2
end_of_record
SF:lib/src/shared/models/update_rule/update_rule_config.dart
DA:22,11
DA:36,3
DA:50,3
DA:63,3
DA:64,3
DA:65,3
DA:66,3
DA:67,2
DA:68,0
DA:69,3
DA:70,3
DA:71,3
DA:72,3
DA:73,3
DA:74,6
LF:15
LH:14
end_of_record
SF:lib/src/shared/models/update/update_config.dart
DA:16,1
DA:25,0
LF:2
LH:1
end_of_record
SF:lib/src/shared/models/update_rule/update_rules_container.dart
DA:11,2
LF:1
LH:1
end_of_record
SF:lib/src/shared/models/update_settings/update_settings_config.dart
DA:13,5
DA:24,2
DA:35,0
DA:37,0
DA:38,0
DA:39,0
DA:40,0
DA:41,0
DA:43,0
DA:45,0
DA:47,0
DA:48,0
LF:12
LH:2
end_of_record
SF:lib/src/resolver/base/reg_exp_matcher_mixin.dart
DA:10,0
DA:14,0
DA:17,0
DA:21,0
DA:24,0
DA:25,0
DA:28,0
DA:29,0
DA:31,0
DA:32,0
DA:37,0
LF:11
LH:0
end_of_record
SF:lib/src/resolver/base/rule_matcher.dart
DA:8,3
DA:12,0
LF:2
LH:1
end_of_record
SF:lib/src/shared/models/mergeable.dart
DA:6,4
DA:13,4
DA:14,1
DA:15,1
DA:16,0
DA:17,0
DA:18,0
DA:21,4
DA:24,3
DA:31,3
DA:32,3
DA:33,3
DA:34,3
DA:35,2
DA:36,0
DA:39,3
LF:16
LH:12
end_of_record
SF:lib/src/shared/models/update_search/update_search_data.dart
DA:38,1
DA:55,1
DA:71,1
DA:72,1
DA:73,1
DA:74,1
DA:75,1
DA:76,1
DA:77,1
DA:78,1
DA:79,1
DA:80,1
DA:81,1
DA:82,1
DA:83,1
DA:84,1
DA:85,2
LF:17
LH:17
end_of_record
SF:lib/src/resolver/matchers/app_status_matcher.dart
DA:9,3
DA:11,0
DA:14,0
DA:15,0
DA:16,0
DA:17,0
LF:6
LH:1
end_of_record
SF:lib/src/shared/entities/app_status.dart
DA:7,4
LF:1
LH:1
end_of_record
SF:lib/src/resolver/matchers/custom_data_matcher.dart
DA:15,3
DA:17,0
DA:20,0
DA:21,0
DA:22,0
DA:26,0
DA:28,0
DA:29,0
DA:33,0
DA:39,0
DA:40,0
DA:41,0
DA:42,0
DA:44,0
DA:45,0
DA:49,0
DA:50,0
DA:54,0
DA:56,0
DA:57,0
DA:58,0
DA:59,0
DA:65,0
DA:67,0
DA:68,0
DA:69,0
DA:72,0
DA:73,0
DA:74,0
DA:77,0
DA:79,0
DA:80,0
DA:88,0
DA:93,0
DA:94,0
DA:98,0
DA:99,0
DA:102,0
DA:103,0
DA:106,0
DA:107,0
DA:110,0
DA:111,0
DA:114,0
DA:118,0
DA:119,0
DA:123,0
DA:127,0
DA:130,0
DA:131,0
DA:132,0
DA:140,0
DA:141,0
DA:144,0
DA:148,0
DA:149,0
DA:153,0
DA:158,0
DA:159,0
DA:160,0
DA:161,0
DA:168,0
LF:62
LH:1
end_of_record
SF:lib/src/resolver/matchers/locale_matcher.dart
DA:9,3
DA:11,0
DA:14,0
DA:15,0
DA:16,0
LF:5
LH:1
end_of_record
SF:lib/src/shared/entities/update_locale.dart
DA:9,4
DA:14,0
DA:15,0
LF:3
LH:1
end_of_record
SF:lib/src/resolver/matchers/source_matcher.dart
DA:10,3
DA:12,0
DA:15,0
DA:16,0
DA:17,0
DA:18,0
DA:22,0
DA:27,0
DA:28,0
DA:29,0
DA:31,0
DA:38,0
DA:39,0
DA:40,0
DA:45,0
DA:50,0
DA:52,0
DA:53,0
DA:55,0
DA:57,0
DA:58,0
LF:21
LH:1
end_of_record
SF:lib/src/shared/entities/update_source.dart
DA:49,8
DA:69,0
DA:70,0
DA:74,0
DA:75,0
DA:76,0
DA:81,2
DA:82,1
DA:83,5
DA:88,0
DA:89,0
DA:90,0
DA:91,0
DA:92,0
DA:94,0
DA:97,0
DA:98,0
DA:99,0
DA:100,0
DA:101,0
DA:103,0
LF:21
LH:4
end_of_record
SF:lib/src/resolver/matchers/temporal_matcher.dart
DA:9,3
DA:11,0
DA:14,0
DA:15,0
DA:16,0
DA:17,0
DA:18,0
DA:19,0
DA:20,0
DA:21,0
DA:22,0
DA:23,0
DA:27,0
DA:39,0
DA:40,0
DA:44,0
DA:46,0
DA:47,0
DA:48,0
DA:50,0
DA:57,0
DA:58,0
DA:64,0
DA:65,0
DA:69,0
DA:70,0
DA:71,0
DA:72,0
DA:73,0
DA:74,0
LF:30
LH:1
end_of_record
SF:lib/src/shared/entities/update_date.dart
DA:11,4
DA:14,0
DA:16,0
DA:17,0
LF:4
LH:1
end_of_record
SF:lib/src/resolver/matchers/version_matcher.dart
DA:11,3
DA:13,0
DA:16,0
DA:17,0
DA:18,0
DA:19,0
DA:20,0
DA:21,0
LF:8
LH:1
end_of_record
SF:lib/src/resolver/matchers/view_target_matcher.dart
DA:9,3
DA:11,0
DA:14,0
DA:15,0
DA:16,0
LF:5
LH:1
end_of_record
SF:lib/src/shared/entities/update_view_target.dart
DA:16,4
DA:18,0
LF:2
LH:1
end_of_record
SF:lib/src/resolver/update_rule_resolver.dart
DA:32,2
DA:50,0
DA:56,0
DA:57,0
DA:59,0
DA:60,0
DA:67,0
DA:73,0
DA:74,0
DA:77,0
DA:78,0
LF:11
LH:1
end_of_record
SF:lib/src/parser/common.dart
DA:2,115
DA:4,0
LF:2
LH:1
end_of_record
SF:lib/src/searcher/update_search_data_defaulter.dart
DA:14,1
DA:18,1
DA:22,2
DA:23,2
DA:26,1
DA:27,1
DA:29,4
DA:30,1
DA:32,1
DA:33,1
DA:37,2
DA:44,1
DA:45,2
DA:46,2
DA:47,2
DA:48,2
DA:49,2
DA:51,2
DA:52,2
DA:53,2
DA:55,2
DA:57,2
DA:58,1
DA:59,1
DA:61,2
DA:63,2
DA:64,2
LF:27
LH:27
end_of_record
SF:lib/src/shared/models/update_search/update_search_config.dart
DA:40,3
DA:57,0
DA:73,0
DA:74,0
DA:75,0
DA:76,0
DA:77,0
DA:78,0
DA:79,0
DA:80,0
DA:81,0
DA:82,0
DA:83,0
DA:84,0
DA:85,0
DA:86,0
DA:87,0
LF:17
LH:1
end_of_record
SF:lib/src/searcher/update_searcher.dart
DA:12,1
DA:22,1
DA:26,1
DA:28,1
DA:30,2
DA:31,2
DA:32,6
DA:36,3
DA:37,3
DA:38,3
DA:39,3
DA:40,3
DA:41,3
DA:45,1
DA:51,1
DA:55,1
DA:60,1
DA:63,1
DA:67,1
DA:69,1
DA:71,2
DA:72,2
DA:73,6
DA:77,3
DA:78,3
DA:79,3
DA:80,3
DA:81,3
DA:82,3
DA:83,3
DA:87,1
DA:93,1
DA:97,1
DA:102,1
DA:105,1
DA:110,2
DA:115,1
DA:120,1
DA:125,1
DA:126,1
DA:127,1
DA:130,1
DA:138,1
DA:142,2
DA:143,3
DA:144,1
DA:147,6
DA:149,6
DA:150,3
DA:151,3
DA:152,1
LF:51
LH:51
end_of_record
SF:lib/src/shared/models/release/update_data.dart
DA:24,4
DA:35,2
DA:45,2
DA:46,2
DA:47,2
DA:48,2
DA:49,2
DA:50,2
DA:51,2
DA:52,2
DA:53,4
DA:58,0
DA:59,0
DA:60,0
DA:61,0
DA:62,0
DA:63,0
DA:64,0
DA:65,0
DA:69,0
DA:70,0
DA:71,0
DA:72,0
LF:23
LH:11
end_of_record
SF:lib/src/shared/models/update_search/update_search_result.dart
DA:9,1
LF:1
LH:1
end_of_record
SF:lib/src/parser/base_parsers/app_status_parser.dart
DA:5,8
DA:7,0
DA:12,0
DA:14,0
LF:4
LH:1
end_of_record
SF:lib/src/parser/base_parsers/update_date_parser.dart
DA:8,4
DA:10,0
DA:15,0
DA:17,0
DA:19,0
DA:23,0
DA:27,0
LF:7
LH:1
end_of_record
SF:lib/src/parser/primitive_parsers/date_time_parser.dart
DA:4,12
DA:6,0
DA:11,0
DA:13,0
LF:4
LH:1
end_of_record
SF:lib/src/parser/base_parsers/update_locale_parser.dart
DA:8,4
DA:10,0
DA:15,0
DA:17,0
DA:19,0
DA:23,0
DA:27,0
LF:7
LH:1
end_of_record
SF:lib/src/parser/primitive_parsers/locale_parser.dart
DA:6,4
DA:9,0
DA:15,0
DA:18,0
DA:20,0
DA:22,0
LF:6
LH:1
end_of_record
SF:lib/src/parser/base_parsers/update_platform_parser.dart
DA:5,12
DA:7,0
DA:12,0
DA:14,0
LF:4
LH:1
end_of_record
SF:lib/src/parser/base_parsers/update_rules_container_parser.dart
DA:18,24
DA:20,0
DA:24,0
DA:25,0
DA:28,0
DA:30,0
DA:32,0
DA:33,0
DA:36,0
DA:37,0
DA:40,0
DA:42,0
DA:44,0
DA:45,0
DA:48,0
DA:50,0
DA:52,0
DA:54,0
DA:56,0
DA:57,0
DA:59,0
LF:21
LH:1
end_of_record
SF:lib/src/parser/primitive_parsers/list_or_value_parser.dart
DA:4,16
DA:6,0
DA:12,0
DA:14,0
LF:4
LH:1
end_of_record
SF:lib/src/parser/sub_parsers/update_app_settings_config_parser.dart
DA:10,4
DA:12,0
DA:17,0
DA:21,0
DA:24,0
DA:25,0
DA:29,0
LF:7
LH:1
end_of_record
SF:lib/src/parser/sub_parsers/update_content_config_parser.dart
DA:11,4
DA:13,0
DA:18,0
DA:22,0
DA:25,0
DA:26,0
DA:29,0
DA:30,0
DA:33,0
DA:34,0
DA:37,0
DA:38,0
DA:41,0
DA:42,0
DA:45,0
DA:46,0
DA:49,0
DA:50,0
DA:53,0
DA:54,0
DA:56,0
LF:21
LH:1
end_of_record
SF:lib/src/parser/sub_parsers/update_rule_config_parser.dart
DA:27,4
DA:29,0
DA:35,0
DA:39,0
DA:43,0
DA:44,0
DA:51,0
DA:52,0
DA:54,0
DA:57,0
DA:58,0
DA:60,0
DA:63,0
DA:64,0
DA:66,0
DA:69,0
DA:70,0
DA:72,0
DA:73,0
DA:74,0
DA:77,0
DA:78,0
DA:80,0
DA:83,0
DA:84,0
DA:87,0
DA:88,0
DA:91,0
DA:92,0
DA:95,0
DA:97,0
DA:99,0
LF:32
LH:1
end_of_record
SF:lib/src/parser/sub_parsers/update_settings_config_parser.dart
DA:12,4
DA:14,0
DA:19,0
DA:23,0
DA:26,0
DA:27,0
DA:30,0
DA:31,0
DA:34,0
DA:35,0
DA:38,0
DA:40,0
DA:44,0
DA:46,0
DA:50,0
DA:52,0
DA:56,0
DA:58,0
DA:60,0
LF:19
LH:1
end_of_record
SF:lib/src/parser/base_parsers/update_source_name_parser.dart
DA:5,12
DA:7,0
DA:12,0
DA:14,0
LF:4
LH:1
end_of_record
SF:lib/src/parser/base_parsers/update_source_parser.dart
DA:12,4
DA:14,0
DA:20,0
DA:21,0
DA:23,0
DA:26,0
DA:29,0
DA:30,0
DA:32,0
DA:36,0
DA:37,0
DA:40,0
DA:42,0
LF:13
LH:1
end_of_record
SF:lib/src/parser/primitive_parsers/string_parser.dart
DA:4,8
DA:6,0
DA:12,0
LF:3
LH:1
end_of_record
SF:lib/src/parser/base_parsers/update_version_constraint_parser.dart
DA:8,4
DA:10,0
DA:15,0
DA:17,0
DA:19,0
DA:23,0
DA:27,0
LF:7
LH:1
end_of_record
SF:lib/src/parser/primitive_parsers/version_constraint_parser.dart
DA:8,4
DA:10,0
DA:16,0
DA:18,0
LF:4
LH:1
end_of_record
SF:lib/src/parser/base_parsers/update_view_target_parser.dart
DA:5,4
DA:7,0
DA:12,0
DA:14,0
LF:4
LH:1
end_of_record
SF:lib/src/parser/primitive_parsers/bool_parser.dart
DA:4,4
DA:7,0
DA:13,0
LF:3
LH:1
end_of_record
SF:lib/src/parser/primitive_parsers/double_parser.dart
DA:4,4
DA:6,0
DA:12,0
DA:13,0
DA:14,0
LF:5
LH:1
end_of_record
SF:lib/src/parser/primitive_parsers/duration_parser.dart
DA:4,8
DA:6,0
DA:12,0
DA:14,0
DA:18,0
LF:5
LH:1
end_of_record
SF:lib/src/parser/primitive_parsers/uri_parser.dart
DA:4,4
DA:7,0
DA:13,0
DA:15,0
LF:4
LH:1
end_of_record
SF:lib/src/parser/primitive_parsers/version_parser.dart
DA:8,8
DA:10,0
DA:16,0
DA:18,0
LF:4
LH:1
end_of_record
SF:lib/src/parser/sub_parsers/global_platform_config_parser.dart
DA:12,4
DA:14,0
DA:20,0
DA:21,0
DA:27,0
DA:36,0
DA:40,0
DA:43,0
DA:44,0
DA:47,0
DA:52,0
DA:54,0
DA:56,0
DA:57,0
DA:58,0
LF:15
LH:1
end_of_record
SF:lib/src/parser/sub_parsers/global_source_config_parser.dart
DA:15,4
DA:17,0
DA:22,0
DA:26,0
DA:29,0
DA:30,0
DA:37,0
DA:38,0
DA:42,0
DA:43,0
DA:44,0
DA:45,0
DA:48,0
DA:50,0
DA:53,0
DA:54,0
DA:55,0
LF:17
LH:1
end_of_record
SF:lib/src/parser/sub_parsers/release_config_parser.dart
DA:18,4
DA:20,0
DA:25,0
DA:29,0
DA:32,0
DA:33,0
DA:40,0
DA:41,0
DA:48,0
DA:49,0
DA:52,0
DA:55,0
DA:57,0
DA:61,0
DA:62,0
DA:63,0
LF:16
LH:1
end_of_record
SF:lib/src/parser/sub_parsers/release_source_config_parser.dart
DA:16,4
DA:18,0
DA:24,0
DA:25,0
DA:28,0
DA:39,0
DA:43,0
DA:46,0
DA:47,0
DA:51,0
DA:52,0
DA:55,0
DA:56,0
DA:57,0
DA:60,0
DA:62,0
DA:65,0
DA:67,0
DA:71,0
DA:72,0
DA:73,0
LF:21
LH:1
end_of_record
SF:lib/src/parser/sub_parsers/release_override_config_parser.dart
DA:12,8
DA:14,0
DA:19,0
DA:23,0
DA:26,0
DA:27,0
DA:30,0
DA:31,0
DA:33,0
LF:9
LH:1
end_of_record
SF:lib/src/shared/models/release/release_override_config.dart
DA:10,3
DA:16,0
DA:22,0
DA:27,0
DA:28,0
DA:29,0
DA:30,0
DA:31,0
LF:8
LH:1
end_of_record
SF:lib/src/parser/sub_parsers/release_platrform_config_parser.dart
DA:14,4
DA:16,0
DA:22,0
DA:23,0
DA:29,0
DA:39,0
DA:43,0
DA:46,0
DA:47,0
DA:54,0
DA:56,0
DA:59,0
DA:61,0
DA:64,0
DA:65,0
DA:66,0
LF:16
LH:1
end_of_record
SF:lib/src/parser/update_config_parser.dart
DA:16,0
DA:18,0
DA:23,0
DA:27,0
DA:30,0
DA:31,0
DA:36,0
DA:39,0
DA:40,0
DA:43,0
DA:46,0
DA:48,0
DA:51,0
DA:52,0
DA:53,0
LF:15
LH:0
end_of_record
SF:lib/src/shared/entities/update_entity.dart
DA:7,16
DA:9,0
DA:11,4
DA:12,8
DA:14,34
DA:19,39
DA:24,0
DA:25,0
DA:27,4
DA:31,4
DA:33,20
DA:34,20
LF:12
LH:9
end_of_record
SF:lib/src/linker/sub_linkers/update_release_linker.dart
DA:15,3
DA:18,2
DA:22,2
DA:24,4
DA:25,2
DA:26,2
DA:44,2
DA:48,4
DA:50,2
DA:52,4
DA:53,2
DA:54,2
DA:55,2
DA:59,4
DA:60,2
DA:66,2
DA:75,2
DA:81,2
DA:82,2
DA:83,2
DA:84,2
DA:85,2
DA:89,2
DA:90,2
DA:92,2
DA:93,2
DA:96,2
DA:100,2
DA:101,4
DA:108,2
DA:110,2
DA:111,4
DA:112,4
DA:113,4
DA:116,2
DA:117,4
DA:118,4
DA:119,4
DA:122,2
DA:123,4
DA:124,4
DA:125,4
DA:128,2
DA:129,2
DA:130,2
DA:131,2
DA:132,2
DA:136,2
DA:141,2
DA:146,2
DA:147,6
DA:149,2
DA:150,2
DA:151,4
DA:155,2
DA:156,1
DA:162,2
DA:168,2
DA:169,6
DA:170,4
DA:171,4
DA:172,2
DA:175,2
DA:176,2
DA:181,2
DA:182,6
DA:183,2
LF:67
LH:67
end_of_record
SF:lib/src/shared/models/release/update.dart
DA:20,0
LF:1
LH:0
end_of_record
SF:lib/src/shared/models/update_result/update_result.dart
DA:10,2
DA:16,0
DA:17,0
DA:18,0
LF:4
LH:1
end_of_record
SF:lib/src/controller/update_controller.dart
DA:65,0
DA:70,0
DA:72,0
DA:74,0
DA:75,0
DA:77,0
DA:79,0
DA:82,0
DA:83,0
DA:85,0
DA:91,0
DA:93,0
DA:94,0
DA:95,0
DA:101,0
DA:103,0
DA:104,0
DA:107,0
DA:109,0
DA:110,0
DA:113,0
DA:114,0
DA:115,0
DA:119,0
DA:120,0
DA:123,0
DA:132,0
DA:140,0
DA:143,0
DA:146,0
DA:149,0
DA:152,0
DA:155,0
DA:158,0
DA:160,0
LF:35
LH:0
end_of_record
SF:lib/src/fetcher/update_config_fetcher_base.dart
DA:10,2
LF:1
LH:1
end_of_record
SF:lib/src/fetcher/update_config_fetcher_coordinator.dart
DA:13,0
DA:19,0
DA:26,0
DA:28,0
DA:31,0
DA:36,0
DA:37,0
DA:40,0
DA:43,0
DA:47,0
DA:52,0
DA:56,0
DA:58,0
DA:65,0
DA:69,0
LF:15
LH:0
end_of_record
SF:lib/src/fetcher/update_config_source_fetcher.dart
DA:19,2
DA:44,0
DA:49,0
DA:51,0
DA:52,0
DA:53,0
DA:54,0
DA:56,0
DA:61,0
DA:62,0
DA:63,0
DA:64,0
DA:71,0
DA:73,0
LF:14
LH:1
end_of_record
SF:lib/src/resolver/update_content_interpolator.dart
DA:9,2
DA:11,0
DA:16,0
DA:21,0
DA:24,0
DA:29,0
DA:31,0
DA:32,0
DA:34,0
DA:36,0
DA:43,0
DA:44,0
DA:45,0
DA:51,0
DA:53,0
DA:54,0
DA:55,0
LF:17
LH:1
end_of_record
SF:lib/src/resolver/update_resolver.dart
DA:19,2
DA:25,0
DA:30,0
DA:32,0
DA:35,0
DA:39,0
DA:40,0
DA:41,0
DA:45,0
DA:47,0
DA:50,0
DA:54,0
DA:60,0
DA:62,0
DA:65,0
DA:69,0
DA:70,0
DA:71,0
DA:72,0
DA:73,0
DA:78,0
DA:81,0
LF:22
LH:1
end_of_record
SF:lib/src/shared/models/update_status/update_status.dart
DA:36,6
DA:42,2
DA:46,2
DA:50,2
DA:54,2
DA:56,0
DA:61,0
DA:63,0
DA:68,0
DA:70,0
LF:10
LH:5
end_of_record
SF:lib/src/default_rules/app_settings/default_update_app_settings.dart
DA:6,0
LF:1
LH:0
end_of_record
SF:lib/src/default_rules/content/default_update_content.dart
DA:6,0
DA:7,0
DA:8,0
LF:3
LH:0
end_of_record
SF:lib/src/default_rules/content/translations/default_en_content_rules.dart
DA:6,0
LF:1
LH:0
end_of_record
SF:lib/src/default_rules/content/translations/default_ru_content_rules.dart
DA:6,0
LF:1
LH:0
end_of_record
SF:lib/src/default_rules/default_update_config.dart
DA:7,0
DA:8,0
DA:9,0
DA:10,0
DA:11,0
DA:12,0
LF:6
LH:0
end_of_record
SF:lib/src/default_rules/settings/default_update_settings_rules.dart
DA:5,0
DA:6,0
LF:2
LH:0
end_of_record
SF:lib/src/fetcher/data/app_store_api.dart
DA:8,2
DA:12,0
DA:18,0
DA:21,0
DA:22,0
DA:23,0
DA:30,0
DA:32,0
DA:33,0
DA:35,0
DA:39,0
DA:40,0
DA:42,0
DA:43,0
DA:45,0
DA:47,0
DA:48,0
DA:50,0
DA:54,0
DA:55,0
DA:58,0
DA:61,0
DA:62,0
DA:63,0
DA:69,0
DA:70,0
DA:75,0
DA:76,0
DA:77,0
DA:80,0
DA:81,0
DA:82,0
DA:85,0
LF:33
LH:1
end_of_record
SF:lib/src/fetcher/source_fetchers/app_store_fetcher.dart
DA:13,2
DA:15,0
DA:18,0
DA:23,0
DA:26,0
DA:29,0
DA:32,0
DA:38,0
LF:8
LH:1
end_of_record
SF:lib/src/fetcher/source_fetchers/google_play_fetcher.dart
DA:10,2
DA:12,0
DA:15,0
DA:20,0
DA:21,0
DA:23,0
DA:25,0
DA:26,0
DA:28,0
DA:29,0
DA:32,0
DA:39,0
DA:45,0
LF:13
LH:1
end_of_record
SF:lib/src/fetcher/source_fetchers/ru_store_fetcher.dart
DA:10,2
DA:12,0
DA:15,0
DA:20,0
DA:22,0
DA:26,0
DA:32,0
LF:7
LH:1
end_of_record
SF:lib/src/linker/sub_linkers/update_data_linker.dart
DA:12,3
DA:15,2
DA:21,2
DA:22,4
DA:28,2
DA:38,2
DA:43,2
DA:44,8
DA:47,4
DA:48,8
DA:51,2
DA:55,2
DA:56,4
DA:62,2
DA:64,2
DA:65,2
DA:66,4
DA:67,4
DA:68,2
DA:71,2
DA:72,2
DA:73,4
DA:74,4
DA:75,2
DA:78,2
DA:79,2
DA:80,4
DA:81,4
DA:82,2
DA:85,2
DA:95,2
DA:100,2
DA:101,6
DA:102,4
DA:103,4
DA:104,2
DA:107,2
DA:108,2
DA:113,2
DA:114,2
LF:40
LH:40
end_of_record
SF:lib/src/shared/models/update_content/update_content_data.dart
DA:14,0
DA:26,0
DA:27,0
DA:29,0
DA:30,0
DA:31,0
DA:32,0
DA:33,0
DA:34,0
DA:35,0
DA:37,0
DA:38,0
DA:39,0
DA:40,0
DA:41,0
DA:42,0
DA:46,0
DA:47,0
DA:48,0
DA:50,0
DA:54,0
DA:55,0
DA:56,0
DA:57,0
DA:58,0
DA:59,0
DA:60,0
DA:62,0
DA:63,0
DA:64,0
DA:69,0
DA:71,0
DA:72,0
DA:77,0
LF:34
LH:0
end_of_record
SF:lib/src/shared/utils/version_x.dart
DA:4,0
DA:6,0
DA:7,0
LF:3
LH:0
end_of_record
SF:lib/src/shared/models/update_app_settings/update_app_settings_data.dart
DA:8,0
DA:13,0
DA:14,0
DA:16,0
DA:17,0
LF:5
LH:0
end_of_record
SF:lib/src/shared/models/update_settings/update_settings_data.dart
DA:13,0
DA:24,0
DA:25,0
DA:27,0
DA:28,0
DA:29,0
DA:30,0
DA:31,0
DA:32,0
DA:33,0
DA:34,0
DA:35,0
DA:36,0
DA:37,0
DA:38,0
DA:39,0
LF:16
LH:0
end_of_record
SF:lib/src/widgets/update_alert_handler.dart
DA:41,0
DA:49,0
DA:57,0
DA:65,0
DA:73,0
DA:81,0
DA:89,0
DA:97,0
LF:8
LH:0
end_of_record
SF:lib/src/widgets/update_handler.dart
DA:16,0
DA:26,0
DA:44,0
DA:45,0
DA:49,0
DA:62,0
DA:64,0
DA:65,0
DA:66,0
DA:68,0
DA:69,0
DA:72,0
DA:73,0
DA:74,0
DA:76,0
DA:80,0
DA:83,0
DA:85,0
DA:87,0
DA:89,0
DA:92,0
DA:94,0
DA:95,0
DA:98,0
DA:99,0
DA:104,0
DA:105,0
DA:108,0
DA:109,0
DA:110,0
DA:112,0
DA:114,0
DA:115,0
DA:118,0
DA:119,0
DA:120,0
DA:125,0
DA:127,0
DA:128,0
DA:129,0
DA:130,0
DA:133,0
DA:135,0
DA:136,0
LF:44
LH:0
end_of_record
