SF:lib/src/resolver/update_rule_resolver.dart
DA:32,5
DA:50,1
DA:56,2
DA:57,1
DA:59,1
DA:60,1
DA:67,1
DA:73,4
DA:74,1
DA:77,2
DA:78,1
LF:11
LH:11
end_of_record
SF:lib/src/shared/entities/update_date.dart
DA:11,2
DA:14,1
DA:16,1
DA:17,3
LF:4
LH:4
end_of_record
SF:lib/src/shared/entities/update_locale.dart
DA:9,3
DA:14,1
DA:15,3
LF:3
LH:3
end_of_record
SF:lib/src/shared/entities/update_source.dart
DA:49,2
DA:69,0
DA:70,0
DA:74,0
DA:75,0
DA:76,0
DA:81,0
DA:82,0
DA:83,0
DA:88,0
DA:89,0
DA:90,0
DA:91,0
DA:92,0
DA:94,0
DA:97,0
DA:98,0
DA:99,0
DA:100,0
DA:101,0
DA:103,0
LF:21
LH:1
end_of_record
SF:lib/src/shared/entities/update_version_constraint.dart
DA:9,2
DA:11,1
DA:13,1
DA:14,3
LF:4
LH:4
end_of_record
SF:lib/src/shared/entities/update_view_target.dart
DA:16,1
DA:18,0
LF:2
LH:1
end_of_record
SF:lib/src/resolver/matchers/app_status_matcher.dart
DA:9,3
DA:11,1
DA:14,1
DA:15,1
DA:16,1
DA:17,0
LF:6
LH:5
end_of_record
SF:lib/src/resolver/base/reg_exp_matcher_mixin.dart
DA:10,1
DA:14,1
DA:17,4
DA:21,1
DA:24,2
DA:25,1
DA:28,1
DA:29,2
DA:31,1
DA:32,1
DA:37,1
LF:11
LH:11
end_of_record
SF:lib/src/resolver/matchers/custom_data_matcher.dart
DA:15,3
DA:17,1
DA:20,1
DA:21,1
DA:22,1
DA:26,1
DA:28,1
DA:29,1
DA:33,5
DA:39,1
DA:40,2
DA:41,2
DA:42,3
DA:44,3
DA:45,2
DA:49,1
DA:50,1
DA:54,1
DA:56,3
DA:57,1
DA:58,2
DA:59,3
DA:65,1
DA:67,2
DA:68,2
DA:69,1
DA:72,2
DA:73,4
DA:74,0
DA:77,2
DA:79,1
DA:80,1
DA:88,1
DA:93,2
DA:94,2
DA:98,3
DA:99,3
DA:102,2
DA:103,1
DA:106,1
DA:107,1
DA:110,1
DA:111,1
DA:114,1
DA:118,1
DA:119,1
DA:123,5
DA:127,1
DA:130,2
DA:131,2
DA:132,1
DA:140,1
DA:141,1
DA:144,3
DA:148,1
DA:149,1
DA:153,5
DA:158,1
DA:159,2
DA:160,1
DA:161,1
DA:168,0
LF:62
LH:60
end_of_record
SF:lib/src/resolver/matchers/locale_matcher.dart
DA:9,3
DA:11,1
DA:14,1
DA:15,1
DA:16,2
LF:5
LH:5
end_of_record
SF:lib/src/resolver/matchers/source_matcher.dart
DA:10,3
DA:12,1
DA:15,1
DA:16,1
DA:17,1
DA:18,1
DA:22,1
DA:27,1
DA:28,2
DA:29,1
DA:31,1
DA:38,1
DA:39,2
DA:40,3
DA:45,1
DA:50,1
DA:52,1
DA:53,1
DA:55,3
DA:57,1
DA:58,4
LF:21
LH:21
end_of_record
SF:lib/src/resolver/matchers/temporal_matcher.dart
DA:9,3
DA:11,1
DA:14,1
DA:15,1
DA:16,1
DA:17,1
DA:18,1
DA:19,1
DA:20,1
DA:21,1
DA:22,1
DA:23,1
DA:27,1
DA:39,2
DA:40,1
DA:44,1
DA:46,1
DA:47,1
DA:48,1
DA:50,1
DA:57,1
DA:58,1
DA:64,1
DA:65,1
DA:69,1
DA:70,1
DA:71,1
DA:72,1
DA:73,3
DA:74,1
LF:30
LH:30
end_of_record
SF:lib/src/resolver/matchers/version_matcher.dart
DA:11,3
DA:13,1
DA:16,1
DA:17,1
DA:18,1
DA:19,2
DA:20,1
DA:21,1
LF:8
LH:8
end_of_record
SF:lib/src/resolver/matchers/view_target_matcher.dart
DA:9,3
DA:11,1
DA:14,1
DA:15,1
DA:16,2
LF:5
LH:5
end_of_record
SF:lib/src/shared/entities/app_status.dart
DA:7,1
LF:1
LH:1
end_of_record
SF:lib/src/shared/entities/update_platform.dart
DA:18,1
DA:37,0
DA:38,0
LF:3
LH:1
end_of_record
SF:lib/src/shared/entities/update_source_name.dart
DA:14,2
LF:1
LH:1
end_of_record
SF:lib/src/resolver/base/rule_matcher.dart
DA:8,3
DA:12,1
LF:2
LH:2
end_of_record
SF:lib/src/shared/models/mergeable.dart
DA:6,1
DA:13,1
DA:14,1
DA:15,0
DA:16,0
DA:17,0
DA:18,0
DA:21,1
DA:24,0
DA:31,0
DA:32,0
DA:33,0
DA:34,0
DA:35,0
DA:36,0
DA:39,0
LF:16
LH:4
end_of_record
SF:lib/src/shared/models/update_rule/update_rule_config.dart
DA:22,0
DA:36,1
DA:50,1
DA:63,1
DA:64,1
DA:65,1
DA:66,1
DA:67,1
DA:68,1
DA:69,1
DA:70,1
DA:71,1
DA:72,1
DA:73,1
DA:74,2
LF:15
LH:14
end_of_record
SF:lib/src/shared/models/update_search/update_search_data.dart
DA:38,1
DA:55,0
DA:71,0
DA:72,0
DA:73,0
DA:74,0
DA:75,0
DA:76,0
DA:77,0
DA:78,0
DA:79,0
DA:80,0
DA:81,0
DA:82,0
DA:83,0
DA:84,0
DA:85,0
LF:17
LH:1
end_of_record
SF:lib/src/shared/models/update_content/update_content_config.dart
DA:14,1
DA:26,1
DA:38,1
DA:40,1
DA:41,2
DA:42,2
DA:43,2
DA:44,2
DA:45,2
DA:46,2
DA:47,2
DA:48,2
DA:49,3
LF:13
LH:13
end_of_record
SF:lib/src/parser/common.dart
DA:2,22
DA:4,0
LF:2
LH:1
end_of_record
SF:lib/src/parser/base_parsers/app_status_parser.dart
DA:5,2
DA:7,0
DA:12,0
DA:14,0
LF:4
LH:1
end_of_record
SF:lib/src/parser/base_parsers/update_date_parser.dart
DA:8,1
DA:10,0
DA:15,0
DA:17,0
DA:19,0
DA:23,0
DA:27,0
LF:7
LH:1
end_of_record
SF:lib/src/parser/primitive_parsers/date_time_parser.dart
DA:4,1
DA:6,0
DA:11,0
DA:13,0
LF:4
LH:1
end_of_record
SF:lib/src/parser/base_parsers/update_locale_parser.dart
DA:8,1
DA:10,0
DA:15,0
DA:17,0
DA:19,0
DA:23,0
DA:27,0
LF:7
LH:1
end_of_record
SF:lib/src/parser/primitive_parsers/locale_parser.dart
DA:6,1
DA:9,0
DA:15,0
DA:18,0
DA:20,0
DA:22,0
LF:6
LH:1
end_of_record
SF:lib/src/parser/base_parsers/update_platform_parser.dart
DA:5,2
DA:7,0
DA:12,0
DA:14,0
LF:4
LH:1
end_of_record
SF:lib/src/parser/base_parsers/update_rules_container_parser.dart
DA:18,1
DA:20,0
DA:24,0
DA:25,0
DA:28,0
DA:30,0
DA:32,0
DA:33,0
DA:36,0
DA:37,0
DA:40,0
DA:42,0
DA:44,0
DA:45,0
DA:48,0
DA:50,0
DA:52,0
DA:54,0
DA:56,0
DA:57,0
DA:59,0
LF:21
LH:1
end_of_record
SF:lib/src/shared/models/update_rule/update_rules_container.dart
DA:11,0
LF:1
LH:0
end_of_record
SF:lib/src/parser/primitive_parsers/list_or_value_parser.dart
DA:4,2
DA:6,0
DA:12,0
DA:14,0
LF:4
LH:1
end_of_record
SF:lib/src/parser/sub_parsers/update_app_settings_config_parser.dart
DA:10,1
DA:12,0
DA:17,0
DA:21,0
DA:24,0
DA:25,0
DA:29,0
LF:7
LH:1
end_of_record
SF:lib/src/parser/sub_parsers/update_content_config_parser.dart
DA:11,1
DA:13,0
DA:18,0
DA:22,0
DA:25,0
DA:26,0
DA:29,0
DA:30,0
DA:33,0
DA:34,0
DA:37,0
DA:38,0
DA:41,0
DA:42,0
DA:45,0
DA:46,0
DA:49,0
DA:50,0
DA:53,0
DA:54,0
DA:56,0
LF:21
LH:1
end_of_record
SF:lib/src/parser/sub_parsers/update_rule_config_parser.dart
DA:27,1
DA:29,0
DA:35,0
DA:39,0
DA:43,0
DA:44,0
DA:51,0
DA:52,0
DA:54,0
DA:57,0
DA:58,0
DA:60,0
DA:63,0
DA:64,0
DA:66,0
DA:69,0
DA:70,0
DA:72,0
DA:73,0
DA:74,0
DA:77,0
DA:78,0
DA:80,0
DA:83,0
DA:84,0
DA:87,0
DA:88,0
DA:91,0
DA:92,0
DA:95,0
DA:97,0
DA:99,0
LF:32
LH:1
end_of_record
SF:lib/src/parser/sub_parsers/update_settings_config_parser.dart
DA:12,1
DA:14,0
DA:19,0
DA:23,0
DA:26,0
DA:27,0
DA:30,0
DA:31,0
DA:34,0
DA:35,0
DA:38,0
DA:40,0
DA:44,0
DA:46,0
DA:50,0
DA:52,0
DA:56,0
DA:58,0
DA:60,0
LF:19
LH:1
end_of_record
SF:lib/src/parser/base_parsers/update_source_name_parser.dart
DA:5,1
DA:7,0
DA:12,0
DA:14,0
LF:4
LH:1
end_of_record
SF:lib/src/parser/base_parsers/update_source_parser.dart
DA:12,1
DA:14,0
DA:20,0
DA:21,0
DA:23,0
DA:26,0
DA:29,0
DA:30,0
DA:32,0
DA:36,0
DA:37,0
DA:40,0
DA:42,0
LF:13
LH:1
end_of_record
SF:lib/src/parser/primitive_parsers/string_parser.dart
DA:4,2
DA:6,0
DA:12,0
LF:3
LH:1
end_of_record
SF:lib/src/parser/base_parsers/update_version_constraint_parser.dart
DA:8,1
DA:10,0
DA:15,0
DA:17,0
DA:19,0
DA:23,0
DA:27,0
LF:7
LH:1
end_of_record
SF:lib/src/parser/primitive_parsers/version_constraint_parser.dart
DA:8,1
DA:10,0
DA:16,0
DA:18,0
LF:4
LH:1
end_of_record
SF:lib/src/parser/base_parsers/update_view_target_parser.dart
DA:5,1
DA:7,0
DA:12,0
DA:14,0
LF:4
LH:1
end_of_record
SF:lib/src/parser/primitive_parsers/bool_parser.dart
DA:4,1
DA:7,0
DA:13,0
LF:3
LH:1
end_of_record
SF:lib/src/parser/primitive_parsers/double_parser.dart
DA:4,1
DA:6,0
DA:12,0
DA:13,0
DA:14,0
LF:5
LH:1
end_of_record
SF:lib/src/parser/primitive_parsers/duration_parser.dart
DA:4,2
DA:6,0
DA:12,0
DA:14,0
DA:18,0
LF:5
LH:1
end_of_record
SF:lib/src/parser/primitive_parsers/uri_parser.dart
DA:4,1
DA:7,0
DA:13,0
DA:15,0
LF:4
LH:1
end_of_record
SF:lib/src/parser/sub_parsers/global_platform_config_parser.dart
DA:12,0
DA:14,0
DA:20,0
DA:21,0
DA:27,0
DA:36,0
DA:40,0
DA:43,0
DA:44,0
DA:47,0
DA:52,0
DA:54,0
DA:56,0
DA:57,0
DA:58,0
LF:15
LH:0
end_of_record
SF:lib/src/shared/models/global_platform/global_platform_config.dart
DA:15,0
DA:23,0
LF:2
LH:0
end_of_record
SF:lib/src/shared/models/update_app_settings/update_app_settings_config.dart
DA:8,0
DA:13,0
DA:18,0
DA:20,0
DA:21,0
DA:22,0
LF:6
LH:0
end_of_record
SF:lib/src/shared/models/update_settings/update_settings_config.dart
DA:13,0
DA:24,0
DA:35,0
DA:37,0
DA:38,0
DA:39,0
DA:40,0
DA:41,0
DA:43,0
DA:45,0
DA:47,0
DA:48,0
LF:12
LH:0
end_of_record
SF:lib/src/shared/entities/update_entity.dart
DA:7,4
DA:9,0
DA:11,1
DA:12,2
DA:14,11
DA:19,12
DA:24,0
DA:25,0
DA:27,1
DA:31,1
DA:33,5
DA:34,5
LF:12
LH:9
end_of_record
SF:lib/src/shared/models/global_source/global_source_config.dart
DA:16,0
DA:25,0
LF:2
LH:0
end_of_record
SF:lib/src/shared/models/release_platrform/release_platrform_config.dart
DA:17,0
DA:26,0
DA:35,0
DA:43,0
DA:44,0
DA:45,0
DA:46,0
DA:47,0
DA:48,0
DA:49,0
LF:10
LH:0
end_of_record
SF:lib/src/shared/models/release_source/release_source_config.dart
DA:18,0
DA:28,0
LF:2
LH:0
end_of_record
SF:lib/src/shared/models/release/release_override_config.dart
DA:10,0
DA:16,0
DA:22,0
DA:27,0
DA:28,0
DA:29,0
DA:30,0
DA:31,0
LF:8
LH:0
end_of_record
